<?xml version="1.0" encoding="UTF-8"?>
<testsuite xmlns:xsi="http://www.w3.org/2001/XMLSchema-instance" xsi:noNamespaceSchemaLocation="https://maven.apache.org/surefire/maven-surefire-plugin/xsd/surefire-test-report.xsd" name="org.example.AppTest" time="0.038" tests="1" errors="0" skipped="0" failures="0">
  <properties>
    <property name="sun.desktop" value="windows"/>
    <property name="awt.toolkit" value="sun.awt.windows.WToolkit"/>
    <property name="file.encoding.pkg" value="sun.io"/>
    <property name="java.specification.version" value="1.8"/>
    <property name="sun.cpu.isalist" value="amd64"/>
    <property name="sun.jnu.encoding" value="GBK"/>
    <property name="java.class.path" value="D:\nexus_maven_web\ssm_util_nexus\target\test-classes;D:\nexus_maven_web\ssm_util_nexus\target\classes;D:\maven_nexus_developer1\junit\junit\4.11\junit-4.11.jar;D:\maven_nexus_developer1\org\hamcrest\hamcrest-core\1.3\hamcrest-core-1.3.jar;"/>
    <property name="java.vm.vendor" value="Oracle Corporation"/>
    <property name="sun.arch.data.model" value="64"/>
    <property name="user.variant" value=""/>
    <property name="java.vendor.url" value="http://java.oracle.com/"/>
    <property name="user.timezone" value="Asia/Shanghai"/>
    <property name="java.vm.specification.version" value="1.8"/>
    <property name="os.name" value="Windows 10"/>
    <property name="user.country" value="CN"/>
    <property name="sun.java.launcher" value="SUN_STANDARD"/>
    <property name="sun.boot.library.path" value="C:\Users\tq\Desktop\web开发工具\jdk1.8\jre\bin"/>
    <property name="sun.java.command" value="C:\Users\tq\AppData\Local\Temp\surefire8580517496786829605\surefirebooter3501607221915887336.jar C:\Users\tq\AppData\Local\Temp\surefire8580517496786829605 2021-03-31T14-16-40_774-jvmRun1 surefire572158332479797728tmp surefire_07979499470976046801tmp"/>
    <property name="surefire.test.class.path" value="D:\nexus_maven_web\ssm_util_nexus\target\test-classes;D:\nexus_maven_web\ssm_util_nexus\target\classes;D:\maven_nexus_developer1\junit\junit\4.11\junit-4.11.jar;D:\maven_nexus_developer1\org\hamcrest\hamcrest-core\1.3\hamcrest-core-1.3.jar;"/>
    <property name="sun.cpu.endian" value="little"/>
    <property name="user.home" value="C:\Users\tq"/>
    <property name="user.language" value="zh"/>
    <property name="java.specification.vendor" value="Oracle Corporation"/>
    <property name="java.home" value="C:\Users\tq\Desktop\web开发工具\jdk1.8\jre"/>
    <property name="basedir" value="D:\nexus_maven_web\ssm_util_nexus"/>
    <property name="file.separator" value="\"/>
    <property name="line.separator" value="&#10;"/>
    <property name="java.vm.specification.vendor" value="Oracle Corporation"/>
    <property name="java.specification.name" value="Java Platform API Specification"/>
    <property name="java.awt.graphicsenv" value="sun.awt.Win32GraphicsEnvironment"/>
    <property name="surefire.real.class.path" value="C:\Users\tq\AppData\Local\Temp\surefire8580517496786829605\surefirebooter3501607221915887336.jar"/>
    <property name="sun.boot.class.path" value="C:\Users\tq\Desktop\web开发工具\jdk1.8\jre\lib\resources.jar;C:\Users\tq\Desktop\web开发工具\jdk1.8\jre\lib\rt.jar;C:\Users\tq\Desktop\web开发工具\jdk1.8\jre\lib\sunrsasign.jar;C:\Users\tq\Desktop\web开发工具\jdk1.8\jre\lib\jsse.jar;C:\Users\tq\Desktop\web开发工具\jdk1.8\jre\lib\jce.jar;C:\Users\tq\Desktop\web开发工具\jdk1.8\jre\lib\charsets.jar;C:\Users\tq\Desktop\web开发工具\jdk1.8\jre\lib\jfr.jar;C:\Users\tq\Desktop\web开发工具\jdk1.8\jre\classes"/>
    <property name="user.script" value=""/>
    <property name="sun.management.compiler" value="HotSpot 64-Bit Tiered Compilers"/>
    <property name="java.runtime.version" value="1.8.0_131-b11"/>
    <property name="user.name" value="时过境迁"/>
    <property name="path.separator" value=";"/>
    <property name="os.version" value="10.0"/>
    <property name="java.endorsed.dirs" value="C:\Users\tq\Desktop\web开发工具\jdk1.8\jre\lib\endorsed"/>
    <property name="java.runtime.name" value="Java(TM) SE Runtime Environment"/>
    <property name="file.encoding" value="GBK"/>
    <property name="java.vm.name" value="Java HotSpot(TM) 64-Bit Server VM"/>
    <property name="idea.version2020.1" value="true"/>
    <property name="localRepository" value="D:\maven_nexus_developer1"/>
    <property name="java.vendor.url.bug" value="http://bugreport.sun.com/bugreport/"/>
    <property name="java.io.tmpdir" value="C:\Users\tq\AppData\Local\Temp\"/>
    <property name="java.version" value="1.8.0_131"/>
    <property name="user.dir" value="D:\nexus_maven_web\ssm_util_nexus"/>
    <property name="os.arch" value="amd64"/>
    <property name="java.vm.specification.name" value="Java Virtual Machine Specification"/>
    <property name="java.awt.printerjob" value="sun.awt.windows.WPrinterJob"/>
    <property name="sun.os.patch.level" value=""/>
    <property name="java.library.path" value="C:\Users\tq\Desktop\web开发工具\jdk1.8\jre\bin;C:\Windows\Sun\Java\bin;C:\Windows\system32;C:\Windows;D:\oracleApp\product\11.2.0\dbhome_1\bin;D:\jdk1.8\bin;C:\Windows\system32;C:\Windows;C:\Windows\System32\Wbem;C:\Windows\System32\WindowsPowerShell\v1.0\;C:\Windows\System32\OpenSSH\;C:\Program Files (x86)\Microsoft ASP.NET\ASP.NET Web Pages\v1.0\;C:\Program Files (x86)\Windows Kits\8.0\Windows Performance Toolkit\;C:\Program Files\Microsoft SQL Server\110\Tools\Binn\;C:\Program Files (x86)\Microsoft SQL Server\110\Tools\Binn\;C:\Program Files\Microsoft SQL Server\110\DTS\Binn\;C:\Program Files (x86)\Microsoft SQL Server\110\Tools\Binn\ManagementStudio\;C:\Program Files (x86)\Microsoft Visual Studio 10.0\Common7\IDE\PrivateAssemblies\;C:\Program Files (x86)\Microsoft SQL Server\110\DTS\Binn\;C:\Program Files\TortoiseSVN\bin;D:\he\;C:\Users\tq\AppData\Local\Microsoft\WindowsApps;&quot;D:\jdk1.8\bin\bin;D:\jdk1.8\bin\jre\bin&quot;;C:\Program Files (x86)\Java\jdk1.6.0_14\bin;C:\Program Files\MySQL\MySQL Server 5.7\bin;C:\Program Files (x86)\Java\jdk1.6.0_14\bin;;."/>
    <property name="java.vm.info" value="mixed mode"/>
    <property name="java.vendor" value="Oracle Corporation"/>
    <property name="java.vm.version" value="25.131-b11"/>
    <property name="java.ext.dirs" value="C:\Users\tq\Desktop\web开发工具\jdk1.8\jre\lib\ext;C:\Windows\Sun\Java\lib\ext"/>
    <property name="sun.io.unicode.encoding" value="UnicodeLittle"/>
    <property name="maven.repo.local" value="D:\maven_nexus_developer1"/>
    <property name="java.class.version" value="52.0"/>
  </properties>
  <testcase name="shouldAnswerWithTrue" classname="org.example.AppTest" time="0.002"/>
</testsuite>